2021-07-21 18:22:17.510  INFO 48995 --- [restartedMain] com.prueba.crud.CrudApplication          : Starting CrudApplication using Java 1.8.0_281 on andrespc with PID 48995 (/Users/andresdocente/claseBack/target/classes started by andresdocente in /Users/andresdocente/claseBack)
2021-07-21 18:22:17.512  INFO 48995 --- [restartedMain] com.prueba.crud.CrudApplication          : No active profile set, falling back to default profiles: default
2021-07-21 18:22:17.546  INFO 48995 --- [restartedMain] .e.DevToolsPropertyDefaultsPostProcessor : Devtools property defaults active! Set 'spring.devtools.add-properties' to 'false' to disable
2021-07-21 18:22:17.546  INFO 48995 --- [restartedMain] .e.DevToolsPropertyDefaultsPostProcessor : For additional web related logging consider setting the 'logging.level.web' property to 'DEBUG'
2021-07-21 18:22:18.198  INFO 48995 --- [restartedMain] o.s.b.w.embedded.tomcat.TomcatWebServer  : Tomcat initialized with port(s): 8080 (http)
2021-07-21 18:22:18.203  INFO 48995 --- [restartedMain] o.apache.catalina.core.StandardService   : Starting service [Tomcat]
2021-07-21 18:22:18.204  INFO 48995 --- [restartedMain] org.apache.catalina.core.StandardEngine  : Starting Servlet engine: [Apache Tomcat/9.0.48]
2021-07-21 18:22:18.236  INFO 48995 --- [restartedMain] o.a.c.c.C.[Tomcat].[localhost].[/]       : Initializing Spring embedded WebApplicationContext
2021-07-21 18:22:18.236  INFO 48995 --- [restartedMain] w.s.c.ServletWebServerApplicationContext : Root WebApplicationContext: initialization completed in 689 ms
2021-07-21 18:22:18.308  INFO 48995 --- [restartedMain] o.s.b.w.embedded.tomcat.TomcatWebServer  : Tomcat started on port(s): 8080 (http) with context path ''
2021-07-21 18:22:18.313  INFO 48995 --- [restartedMain] o.s.b.d.a.OptionalLiveReloadServer       : LiveReload server is running on port 35729
2021-07-21 18:22:18.338  INFO 48995 --- [restartedMain] com.prueba.crud.CrudApplication          : Started CrudApplication in 1.098 seconds (JVM running for 1.536)
2021-07-21 18:23:06.777  INFO 48995 --- [http-nio-8080-exec-2] o.a.c.c.C.[Tomcat].[localhost].[/]       : Initializing Spring DispatcherServlet 'dispatcherServlet'
2021-07-21 18:23:06.777  INFO 48995 --- [http-nio-8080-exec-2] o.s.web.servlet.DispatcherServlet        : Initializing Servlet 'dispatcherServlet'
2021-07-21 18:23:06.872  INFO 48995 --- [http-nio-8080-exec-2] o.s.web.servlet.DispatcherServlet        : Completed initialization in 95 ms
2021-07-21 18:23:06.928 ERROR 48995 --- [http-nio-8080-exec-2] com.prueba.crud.CrudApplication          : INFO - Level Log Message
2021-07-21 18:23:06.936 ERROR 48995 --- [http-nio-8080-exec-2] o.a.c.c.C.[.[.[/].[dispatcherServlet]    : Servlet.service() for servlet [dispatcherServlet] in context with path [] threw exception [Request processing failed; nested exception is java.lang.RuntimeException: Operación imposible de procesar: null] with root cause

java.lang.RuntimeException: Operación imposible de procesar: null
	at com.prueba.crud.controllers.operacionesController.postOperif(operacionesController.java:123) ~[classes/:na]
	at sun.reflect.NativeMethodAccessorImpl.invoke0(Native Method) ~[na:1.8.0_281]
	at sun.reflect.NativeMethodAccessorImpl.invoke(NativeMethodAccessorImpl.java:62) ~[na:1.8.0_281]
	at sun.reflect.DelegatingMethodAccessorImpl.invoke(DelegatingMethodAccessorImpl.java:43) ~[na:1.8.0_281]
	at java.lang.reflect.Method.invoke(Method.java:498) ~[na:1.8.0_281]
	at org.springframework.web.method.support.InvocableHandlerMethod.doInvoke(InvocableHandlerMethod.java:197) ~[spring-web-5.3.8.jar:5.3.8]
	at org.springframework.web.method.support.InvocableHandlerMethod.invokeForRequest(InvocableHandlerMethod.java:141) ~[spring-web-5.3.8.jar:5.3.8]
	at org.springframework.web.servlet.mvc.method.annotation.ServletInvocableHandlerMethod.invokeAndHandle(ServletInvocableHandlerMethod.java:106) ~[spring-webmvc-5.3.8.jar:5.3.8]
	at org.springframework.web.servlet.mvc.method.annotation.RequestMappingHandlerAdapter.invokeHandlerMethod(RequestMappingHandlerAdapter.java:894) ~[spring-webmvc-5.3.8.jar:5.3.8]
	at org.springframework.web.servlet.mvc.method.annotation.RequestMappingHandlerAdapter.handleInternal(RequestMappingHandlerAdapter.java:808) ~[spring-webmvc-5.3.8.jar:5.3.8]
	at org.springframework.web.servlet.mvc.method.AbstractHandlerMethodAdapter.handle(AbstractHandlerMethodAdapter.java:87) ~[spring-webmvc-5.3.8.jar:5.3.8]
	at org.springframework.web.servlet.DispatcherServlet.doDispatch(DispatcherServlet.java:1063) ~[spring-webmvc-5.3.8.jar:5.3.8]
	at org.springframework.web.servlet.DispatcherServlet.doService(DispatcherServlet.java:963) ~[spring-webmvc-5.3.8.jar:5.3.8]
	at org.springframework.web.servlet.FrameworkServlet.processRequest(FrameworkServlet.java:1006) ~[spring-webmvc-5.3.8.jar:5.3.8]
	at org.springframework.web.servlet.FrameworkServlet.doPost(FrameworkServlet.java:909) ~[spring-webmvc-5.3.8.jar:5.3.8]
	at javax.servlet.http.HttpServlet.service(HttpServlet.java:681) ~[tomcat-embed-core-9.0.48.jar:4.0.FR]
	at org.springframework.web.servlet.FrameworkServlet.service(FrameworkServlet.java:883) ~[spring-webmvc-5.3.8.jar:5.3.8]
	at javax.servlet.http.HttpServlet.service(HttpServlet.java:764) ~[tomcat-embed-core-9.0.48.jar:4.0.FR]
	at org.apache.catalina.core.ApplicationFilterChain.internalDoFilter(ApplicationFilterChain.java:228) ~[tomcat-embed-core-9.0.48.jar:9.0.48]
	at org.apache.catalina.core.ApplicationFilterChain.doFilter(ApplicationFilterChain.java:163) ~[tomcat-embed-core-9.0.48.jar:9.0.48]
	at org.apache.tomcat.websocket.server.WsFilter.doFilter(WsFilter.java:53) ~[tomcat-embed-websocket-9.0.48.jar:9.0.48]
	at org.apache.catalina.core.ApplicationFilterChain.internalDoFilter(ApplicationFilterChain.java:190) ~[tomcat-embed-core-9.0.48.jar:9.0.48]
	at org.apache.catalina.core.ApplicationFilterChain.doFilter(ApplicationFilterChain.java:163) ~[tomcat-embed-core-9.0.48.jar:9.0.48]
	at org.springframework.web.filter.RequestContextFilter.doFilterInternal(RequestContextFilter.java:100) ~[spring-web-5.3.8.jar:5.3.8]
	at org.springframework.web.filter.OncePerRequestFilter.doFilter(OncePerRequestFilter.java:119) ~[spring-web-5.3.8.jar:5.3.8]
	at org.apache.catalina.core.ApplicationFilterChain.internalDoFilter(ApplicationFilterChain.java:190) ~[tomcat-embed-core-9.0.48.jar:9.0.48]
	at org.apache.catalina.core.ApplicationFilterChain.doFilter(ApplicationFilterChain.java:163) ~[tomcat-embed-core-9.0.48.jar:9.0.48]
	at org.springframework.web.filter.FormContentFilter.doFilterInternal(FormContentFilter.java:93) ~[spring-web-5.3.8.jar:5.3.8]
	at org.springframework.web.filter.OncePerRequestFilter.doFilter(OncePerRequestFilter.java:119) ~[spring-web-5.3.8.jar:5.3.8]
	at org.apache.catalina.core.ApplicationFilterChain.internalDoFilter(ApplicationFilterChain.java:190) ~[tomcat-embed-core-9.0.48.jar:9.0.48]
	at org.apache.catalina.core.ApplicationFilterChain.doFilter(ApplicationFilterChain.java:163) ~[tomcat-embed-core-9.0.48.jar:9.0.48]
	at org.springframework.web.filter.CharacterEncodingFilter.doFilterInternal(CharacterEncodingFilter.java:201) ~[spring-web-5.3.8.jar:5.3.8]
	at org.springframework.web.filter.OncePerRequestFilter.doFilter(OncePerRequestFilter.java:119) ~[spring-web-5.3.8.jar:5.3.8]
	at org.apache.catalina.core.ApplicationFilterChain.internalDoFilter(ApplicationFilterChain.java:190) ~[tomcat-embed-core-9.0.48.jar:9.0.48]
	at org.apache.catalina.core.ApplicationFilterChain.doFilter(ApplicationFilterChain.java:163) ~[tomcat-embed-core-9.0.48.jar:9.0.48]
	at org.apache.catalina.core.StandardWrapperValve.invoke(StandardWrapperValve.java:202) ~[tomcat-embed-core-9.0.48.jar:9.0.48]
	at org.apache.catalina.core.StandardContextValve.invoke(StandardContextValve.java:97) [tomcat-embed-core-9.0.48.jar:9.0.48]
	at org.apache.catalina.authenticator.AuthenticatorBase.invoke(AuthenticatorBase.java:542) [tomcat-embed-core-9.0.48.jar:9.0.48]
	at org.apache.catalina.core.StandardHostValve.invoke(StandardHostValve.java:143) [tomcat-embed-core-9.0.48.jar:9.0.48]
	at org.apache.catalina.valves.ErrorReportValve.invoke(ErrorReportValve.java:92) [tomcat-embed-core-9.0.48.jar:9.0.48]
	at org.apache.catalina.core.StandardEngineValve.invoke(StandardEngineValve.java:78) [tomcat-embed-core-9.0.48.jar:9.0.48]
	at org.apache.catalina.connector.CoyoteAdapter.service(CoyoteAdapter.java:357) [tomcat-embed-core-9.0.48.jar:9.0.48]
	at org.apache.coyote.http11.Http11Processor.service(Http11Processor.java:382) [tomcat-embed-core-9.0.48.jar:9.0.48]
	at org.apache.coyote.AbstractProcessorLight.process(AbstractProcessorLight.java:65) [tomcat-embed-core-9.0.48.jar:9.0.48]
	at org.apache.coyote.AbstractProtocol$ConnectionHandler.process(AbstractProtocol.java:893) [tomcat-embed-core-9.0.48.jar:9.0.48]
	at org.apache.tomcat.util.net.NioEndpoint$SocketProcessor.doRun(NioEndpoint.java:1723) [tomcat-embed-core-9.0.48.jar:9.0.48]
	at org.apache.tomcat.util.net.SocketProcessorBase.run(SocketProcessorBase.java:49) [tomcat-embed-core-9.0.48.jar:9.0.48]
	at java.util.concurrent.ThreadPoolExecutor.runWorker(ThreadPoolExecutor.java:1149) [na:1.8.0_281]
	at java.util.concurrent.ThreadPoolExecutor$Worker.run(ThreadPoolExecutor.java:624) [na:1.8.0_281]
	at org.apache.tomcat.util.threads.TaskThread$WrappingRunnable.run(TaskThread.java:61) [tomcat-embed-core-9.0.48.jar:9.0.48]
	at java.lang.Thread.run(Thread.java:748) [na:1.8.0_281]

2021-07-21 21:02:15.980  INFO 54512 --- [restartedMain] com.prueba.crud.CrudApplication          : Starting CrudApplication using Java 1.8.0_281 on andrespc with PID 54512 (/Users/andresdocente/claseBack/target/classes started by andresdocente in /Users/andresdocente/claseBack)
2021-07-21 21:02:15.984  INFO 54512 --- [restartedMain] com.prueba.crud.CrudApplication          : No active profile set, falling back to default profiles: default
2021-07-21 21:02:16.032  INFO 54512 --- [restartedMain] .e.DevToolsPropertyDefaultsPostProcessor : Devtools property defaults active! Set 'spring.devtools.add-properties' to 'false' to disable
2021-07-21 21:02:16.032  INFO 54512 --- [restartedMain] .e.DevToolsPropertyDefaultsPostProcessor : For additional web related logging consider setting the 'logging.level.web' property to 'DEBUG'
2021-07-21 21:02:16.877  INFO 54512 --- [restartedMain] o.s.b.w.embedded.tomcat.TomcatWebServer  : Tomcat initialized with port(s): 8080 (http)
2021-07-21 21:02:16.883  INFO 54512 --- [restartedMain] o.apache.catalina.core.StandardService   : Starting service [Tomcat]
2021-07-21 21:02:16.883  INFO 54512 --- [restartedMain] org.apache.catalina.core.StandardEngine  : Starting Servlet engine: [Apache Tomcat/9.0.48]
2021-07-21 21:02:16.917  INFO 54512 --- [restartedMain] o.a.c.c.C.[Tomcat].[localhost].[/]       : Initializing Spring embedded WebApplicationContext
2021-07-21 21:02:16.917  INFO 54512 --- [restartedMain] w.s.c.ServletWebServerApplicationContext : Root WebApplicationContext: initialization completed in 884 ms
2021-07-21 21:02:17.003  INFO 54512 --- [restartedMain] o.s.b.w.embedded.tomcat.TomcatWebServer  : Tomcat started on port(s): 8080 (http) with context path ''
2021-07-21 21:02:17.009  INFO 54512 --- [restartedMain] o.s.b.d.a.OptionalLiveReloadServer       : LiveReload server is running on port 35729
2021-07-21 21:02:17.040  INFO 54512 --- [restartedMain] com.prueba.crud.CrudApplication          : Started CrudApplication in 1.392 seconds (JVM running for 1.89)
2021-07-21 21:02:32.575  INFO 54512 --- [http-nio-8080-exec-2] o.a.c.c.C.[Tomcat].[localhost].[/]       : Initializing Spring DispatcherServlet 'dispatcherServlet'
2021-07-21 21:02:32.575  INFO 54512 --- [http-nio-8080-exec-2] o.s.web.servlet.DispatcherServlet        : Initializing Servlet 'dispatcherServlet'
2021-07-21 21:02:32.688  INFO 54512 --- [http-nio-8080-exec-2] o.s.web.servlet.DispatcherServlet        : Completed initialization in 113 ms
2021-07-21 21:02:32.757  INFO 54512 --- [http-nio-8080-exec-2] com.prueba.crud.CrudApplication          : Usuario inicia operacion 45.3+22.4
2021-07-21 21:05:52.510  INFO 54612 --- [restartedMain] com.prueba.crud.CrudApplication          : Starting CrudApplication using Java 1.8.0_281 on andrespc with PID 54612 (/Users/andresdocente/claseBack/target/classes started by andresdocente in /Users/andresdocente/claseBack)
2021-07-21 21:05:52.514  INFO 54612 --- [restartedMain] com.prueba.crud.CrudApplication          : No active profile set, falling back to default profiles: default
2021-07-21 21:05:52.565  INFO 54612 --- [restartedMain] .e.DevToolsPropertyDefaultsPostProcessor : Devtools property defaults active! Set 'spring.devtools.add-properties' to 'false' to disable
2021-07-21 21:05:52.565  INFO 54612 --- [restartedMain] .e.DevToolsPropertyDefaultsPostProcessor : For additional web related logging consider setting the 'logging.level.web' property to 'DEBUG'
2021-07-21 21:05:53.424  INFO 54612 --- [restartedMain] o.s.b.w.embedded.tomcat.TomcatWebServer  : Tomcat initialized with port(s): 8080 (http)
2021-07-21 21:05:53.430  INFO 54612 --- [restartedMain] o.apache.catalina.core.StandardService   : Starting service [Tomcat]
2021-07-21 21:05:53.431  INFO 54612 --- [restartedMain] org.apache.catalina.core.StandardEngine  : Starting Servlet engine: [Apache Tomcat/9.0.48]
2021-07-21 21:05:53.470  INFO 54612 --- [restartedMain] o.a.c.c.C.[Tomcat].[localhost].[/]       : Initializing Spring embedded WebApplicationContext
2021-07-21 21:05:53.471  INFO 54612 --- [restartedMain] w.s.c.ServletWebServerApplicationContext : Root WebApplicationContext: initialization completed in 905 ms
2021-07-21 21:05:53.565  INFO 54612 --- [restartedMain] o.s.b.w.embedded.tomcat.TomcatWebServer  : Tomcat started on port(s): 8080 (http) with context path ''
2021-07-21 21:05:53.571  INFO 54612 --- [restartedMain] o.s.b.d.a.OptionalLiveReloadServer       : LiveReload server is running on port 35729
2021-07-21 21:05:53.606  INFO 54612 --- [restartedMain] com.prueba.crud.CrudApplication          : Started CrudApplication in 1.452 seconds (JVM running for 1.961)
2021-07-21 21:06:17.826  INFO 54612 --- [http-nio-8080-exec-1] o.a.c.c.C.[Tomcat].[localhost].[/]       : Initializing Spring DispatcherServlet 'dispatcherServlet'
2021-07-21 21:06:17.826  INFO 54612 --- [http-nio-8080-exec-1] o.s.web.servlet.DispatcherServlet        : Initializing Servlet 'dispatcherServlet'
2021-07-21 21:06:17.944  INFO 54612 --- [http-nio-8080-exec-1] o.s.web.servlet.DispatcherServlet        : Completed initialization in 118 ms
2021-07-21 21:06:18.020  INFO 54612 --- [http-nio-8080-exec-1] c.p.c.controllers.operacionesController  : Usuario inicia operacion 45.3+22.4
2021-07-21 21:06:33.493  INFO 54635 --- [restartedMain] com.prueba.crud.CrudApplication          : Starting CrudApplication using Java 1.8.0_281 on andrespc with PID 54635 (/Users/andresdocente/claseBack/target/classes started by andresdocente in /Users/andresdocente/claseBack)
2021-07-21 21:06:33.495  INFO 54635 --- [restartedMain] com.prueba.crud.CrudApplication          : No active profile set, falling back to default profiles: default
2021-07-21 21:06:33.547  INFO 54635 --- [restartedMain] .e.DevToolsPropertyDefaultsPostProcessor : Devtools property defaults active! Set 'spring.devtools.add-properties' to 'false' to disable
2021-07-21 21:06:33.547  INFO 54635 --- [restartedMain] .e.DevToolsPropertyDefaultsPostProcessor : For additional web related logging consider setting the 'logging.level.web' property to 'DEBUG'
2021-07-21 21:06:34.429  INFO 54635 --- [restartedMain] o.s.b.w.embedded.tomcat.TomcatWebServer  : Tomcat initialized with port(s): 8080 (http)
2021-07-21 21:06:34.436  INFO 54635 --- [restartedMain] o.apache.catalina.core.StandardService   : Starting service [Tomcat]
2021-07-21 21:06:34.436  INFO 54635 --- [restartedMain] org.apache.catalina.core.StandardEngine  : Starting Servlet engine: [Apache Tomcat/9.0.48]
2021-07-21 21:06:34.474  INFO 54635 --- [restartedMain] o.a.c.c.C.[Tomcat].[localhost].[/]       : Initializing Spring embedded WebApplicationContext
2021-07-21 21:06:34.474  INFO 54635 --- [restartedMain] w.s.c.ServletWebServerApplicationContext : Root WebApplicationContext: initialization completed in 926 ms
2021-07-21 21:06:34.557  INFO 54635 --- [restartedMain] o.s.b.w.embedded.tomcat.TomcatWebServer  : Tomcat started on port(s): 8080 (http) with context path ''
2021-07-21 21:06:34.562  INFO 54635 --- [restartedMain] o.s.b.d.a.OptionalLiveReloadServer       : LiveReload server is running on port 35729
2021-07-21 21:06:34.592  INFO 54635 --- [restartedMain] com.prueba.crud.CrudApplication          : Started CrudApplication in 1.47 seconds (JVM running for 1.979)
2021-07-21 21:09:05.207  INFO 54706 --- [restartedMain] com.prueba.crud.CrudApplication          : Starting CrudApplication using Java 1.8.0_281 on andrespc with PID 54706 (/Users/andresdocente/claseBack/target/classes started by andresdocente in /Users/andresdocente/claseBack)
2021-07-21 21:09:05.209  INFO 54706 --- [restartedMain] com.prueba.crud.CrudApplication          : No active profile set, falling back to default profiles: default
2021-07-21 21:09:05.255  INFO 54706 --- [restartedMain] .e.DevToolsPropertyDefaultsPostProcessor : Devtools property defaults active! Set 'spring.devtools.add-properties' to 'false' to disable
2021-07-21 21:09:05.255  INFO 54706 --- [restartedMain] .e.DevToolsPropertyDefaultsPostProcessor : For additional web related logging consider setting the 'logging.level.web' property to 'DEBUG'
2021-07-21 21:09:06.073  INFO 54706 --- [restartedMain] o.s.b.w.embedded.tomcat.TomcatWebServer  : Tomcat initialized with port(s): 8080 (http)
2021-07-21 21:09:06.078  INFO 54706 --- [restartedMain] o.apache.catalina.core.StandardService   : Starting service [Tomcat]
2021-07-21 21:09:06.079  INFO 54706 --- [restartedMain] org.apache.catalina.core.StandardEngine  : Starting Servlet engine: [Apache Tomcat/9.0.48]
2021-07-21 21:09:06.114  INFO 54706 --- [restartedMain] o.a.c.c.C.[Tomcat].[localhost].[/]       : Initializing Spring embedded WebApplicationContext
2021-07-21 21:09:06.114  INFO 54706 --- [restartedMain] w.s.c.ServletWebServerApplicationContext : Root WebApplicationContext: initialization completed in 858 ms
2021-07-21 21:09:06.197  INFO 54706 --- [restartedMain] o.s.b.w.embedded.tomcat.TomcatWebServer  : Tomcat started on port(s): 8080 (http) with context path ''
2021-07-21 21:09:06.202  INFO 54706 --- [restartedMain] o.s.b.d.a.OptionalLiveReloadServer       : LiveReload server is running on port 35729
2021-07-21 21:09:06.231  INFO 54706 --- [restartedMain] com.prueba.crud.CrudApplication          : Started CrudApplication in 1.371 seconds (JVM running for 1.877)
2021-07-21 21:09:09.691  INFO 54706 --- [http-nio-8080-exec-2] o.a.c.c.C.[Tomcat].[localhost].[/]       : Initializing Spring DispatcherServlet 'dispatcherServlet'
2021-07-21 21:09:09.692  INFO 54706 --- [http-nio-8080-exec-2] o.s.web.servlet.DispatcherServlet        : Initializing Servlet 'dispatcherServlet'
2021-07-21 21:09:09.810  INFO 54706 --- [http-nio-8080-exec-2] o.s.web.servlet.DispatcherServlet        : Completed initialization in 118 ms
2021-07-21 21:09:09.879  INFO 54706 --- [http-nio-8080-exec-2] c.p.c.controllers.operacionesController  : Usuario inicia operacion 45.3+22.4
2021-07-21 21:14:59.991  INFO 54853 --- [restartedMain] com.prueba.crud.CrudApplication          : Starting CrudApplication using Java 1.8.0_281 on andrespc with PID 54853 (/Users/andresdocente/claseBack/target/classes started by andresdocente in /Users/andresdocente/claseBack)
2021-07-21 21:14:59.993  INFO 54853 --- [restartedMain] com.prueba.crud.CrudApplication          : No active profile set, falling back to default profiles: default
2021-07-21 21:15:00.032  INFO 54853 --- [restartedMain] .e.DevToolsPropertyDefaultsPostProcessor : Devtools property defaults active! Set 'spring.devtools.add-properties' to 'false' to disable
2021-07-21 21:15:00.032  INFO 54853 --- [restartedMain] .e.DevToolsPropertyDefaultsPostProcessor : For additional web related logging consider setting the 'logging.level.web' property to 'DEBUG'
2021-07-21 21:15:00.825  INFO 54853 --- [restartedMain] o.s.b.w.embedded.tomcat.TomcatWebServer  : Tomcat initialized with port(s): 8080 (http)
2021-07-21 21:15:00.831  INFO 54853 --- [restartedMain] o.apache.catalina.core.StandardService   : Starting service [Tomcat]
2021-07-21 21:15:00.831  INFO 54853 --- [restartedMain] org.apache.catalina.core.StandardEngine  : Starting Servlet engine: [Apache Tomcat/9.0.48]
2021-07-21 21:15:00.869  INFO 54853 --- [restartedMain] o.a.c.c.C.[Tomcat].[localhost].[/]       : Initializing Spring embedded WebApplicationContext
2021-07-21 21:15:00.870  INFO 54853 --- [restartedMain] w.s.c.ServletWebServerApplicationContext : Root WebApplicationContext: initialization completed in 837 ms
2021-07-21 21:15:00.950  INFO 54853 --- [restartedMain] o.s.b.w.embedded.tomcat.TomcatWebServer  : Tomcat started on port(s): 8080 (http) with context path ''
2021-07-21 21:15:00.956  INFO 54853 --- [restartedMain] o.s.b.d.a.OptionalLiveReloadServer       : LiveReload server is running on port 35729
2021-07-21 21:15:00.984  INFO 54853 --- [restartedMain] com.prueba.crud.CrudApplication          : Started CrudApplication in 1.307 seconds (JVM running for 1.794)
2021-07-21 21:17:20.614  INFO 54931 --- [restartedMain] com.prueba.crud.CrudApplication          : Starting CrudApplication using Java 1.8.0_281 on andrespc with PID 54931 (/Users/andresdocente/claseBack/target/classes started by andresdocente in /Users/andresdocente/claseBack)
2021-07-21 21:17:20.616  INFO 54931 --- [restartedMain] com.prueba.crud.CrudApplication          : No active profile set, falling back to default profiles: default
2021-07-21 21:17:20.659  INFO 54931 --- [restartedMain] .e.DevToolsPropertyDefaultsPostProcessor : Devtools property defaults active! Set 'spring.devtools.add-properties' to 'false' to disable
2021-07-21 21:17:20.660  INFO 54931 --- [restartedMain] .e.DevToolsPropertyDefaultsPostProcessor : For additional web related logging consider setting the 'logging.level.web' property to 'DEBUG'
2021-07-21 21:17:21.449  INFO 54931 --- [restartedMain] o.s.b.w.embedded.tomcat.TomcatWebServer  : Tomcat initialized with port(s): 8080 (http)
2021-07-21 21:17:21.456  INFO 54931 --- [restartedMain] o.apache.catalina.core.StandardService   : Starting service [Tomcat]
2021-07-21 21:17:21.457  INFO 54931 --- [restartedMain] org.apache.catalina.core.StandardEngine  : Starting Servlet engine: [Apache Tomcat/9.0.48]
2021-07-21 21:17:21.493  INFO 54931 --- [restartedMain] o.a.c.c.C.[Tomcat].[localhost].[/]       : Initializing Spring embedded WebApplicationContext
2021-07-21 21:17:21.494  INFO 54931 --- [restartedMain] w.s.c.ServletWebServerApplicationContext : Root WebApplicationContext: initialization completed in 833 ms
2021-07-21 21:17:21.574  INFO 54931 --- [restartedMain] o.s.b.w.embedded.tomcat.TomcatWebServer  : Tomcat started on port(s): 8080 (http) with context path ''
2021-07-21 21:17:21.580  INFO 54931 --- [restartedMain] o.s.b.d.a.OptionalLiveReloadServer       : LiveReload server is running on port 35729
2021-07-21 21:17:21.612  INFO 54931 --- [restartedMain] com.prueba.crud.CrudApplication          : Started CrudApplication in 1.303 seconds (JVM running for 1.797)
2021-07-21 21:17:28.381  INFO 54931 --- [http-nio-8080-exec-2] o.a.c.c.C.[Tomcat].[localhost].[/]       : Initializing Spring DispatcherServlet 'dispatcherServlet'
2021-07-21 21:17:28.381  INFO 54931 --- [http-nio-8080-exec-2] o.s.web.servlet.DispatcherServlet        : Initializing Servlet 'dispatcherServlet'
2021-07-21 21:17:28.495  INFO 54931 --- [http-nio-8080-exec-2] o.s.web.servlet.DispatcherServlet        : Completed initialization in 114 ms
2021-07-21 21:17:28.565  INFO 54931 --- [http-nio-8080-exec-2] c.p.c.controllers.operacionesController  : Usuario inicia operacion 45.3+22.4ip :0:0:0:0:0:0:0:1
2021-07-21 21:26:43.462  INFO 55623 --- [restartedMain] com.prueba.crud.CrudApplication          : Starting CrudApplication using Java 1.8.0_281 on andrespc with PID 55623 (/Users/andresdocente/claseBack/target/classes started by andresdocente in /Users/andresdocente/claseBack)
2021-07-21 21:26:43.465  INFO 55623 --- [restartedMain] com.prueba.crud.CrudApplication          : No active profile set, falling back to default profiles: default
2021-07-21 21:26:43.552  INFO 55623 --- [restartedMain] .e.DevToolsPropertyDefaultsPostProcessor : Devtools property defaults active! Set 'spring.devtools.add-properties' to 'false' to disable
2021-07-21 21:26:43.553  INFO 55623 --- [restartedMain] .e.DevToolsPropertyDefaultsPostProcessor : For additional web related logging consider setting the 'logging.level.web' property to 'DEBUG'
2021-07-21 21:26:44.676  INFO 55623 --- [restartedMain] o.s.b.w.embedded.tomcat.TomcatWebServer  : Tomcat initialized with port(s): 8080 (http)
2021-07-21 21:26:44.686  INFO 55623 --- [restartedMain] o.apache.catalina.core.StandardService   : Starting service [Tomcat]
2021-07-21 21:26:44.686  INFO 55623 --- [restartedMain] org.apache.catalina.core.StandardEngine  : Starting Servlet engine: [Apache Tomcat/9.0.48]
2021-07-21 21:26:44.748  INFO 55623 --- [restartedMain] o.a.c.c.C.[Tomcat].[localhost].[/]       : Initializing Spring embedded WebApplicationContext
2021-07-21 21:26:44.749  INFO 55623 --- [restartedMain] w.s.c.ServletWebServerApplicationContext : Root WebApplicationContext: initialization completed in 1196 ms
2021-07-21 21:26:44.874  INFO 55623 --- [restartedMain] o.s.b.w.embedded.tomcat.TomcatWebServer  : Tomcat started on port(s): 8080 (http) with context path ''
2021-07-21 21:26:44.883  INFO 55623 --- [restartedMain] o.s.b.d.a.OptionalLiveReloadServer       : LiveReload server is running on port 35729
2021-07-21 21:26:44.929  INFO 55623 --- [restartedMain] com.prueba.crud.CrudApplication          : Started CrudApplication in 2.27 seconds (JVM running for 4.216)
2021-07-21 21:27:12.427  INFO 55623 --- [http-nio-8080-exec-2] o.a.c.c.C.[Tomcat].[localhost].[/]       : Initializing Spring DispatcherServlet 'dispatcherServlet'
2021-07-21 21:27:12.428  INFO 55623 --- [http-nio-8080-exec-2] o.s.web.servlet.DispatcherServlet        : Initializing Servlet 'dispatcherServlet'
2021-07-21 21:27:12.577  INFO 55623 --- [http-nio-8080-exec-2] o.s.web.servlet.DispatcherServlet        : Completed initialization in 149 ms
2021-07-21 21:27:12.662 ERROR 55623 --- [http-nio-8080-exec-2] c.p.c.controllers.operacionesController  : ocurrio un error al ejecutar la operacion 45.3y22.4ip :0:0:0:0:0:0:0:1
2021-07-21 21:28:01.889  INFO 55661 --- [restartedMain] com.prueba.crud.CrudApplication          : Starting CrudApplication using Java 1.8.0_281 on andrespc with PID 55661 (/Users/andresdocente/claseBack/target/classes started by andresdocente in /Users/andresdocente/claseBack)
2021-07-21 21:28:01.892  INFO 55661 --- [restartedMain] com.prueba.crud.CrudApplication          : No active profile set, falling back to default profiles: default
2021-07-21 21:28:01.944  INFO 55661 --- [restartedMain] .e.DevToolsPropertyDefaultsPostProcessor : Devtools property defaults active! Set 'spring.devtools.add-properties' to 'false' to disable
2021-07-21 21:28:01.944  INFO 55661 --- [restartedMain] .e.DevToolsPropertyDefaultsPostProcessor : For additional web related logging consider setting the 'logging.level.web' property to 'DEBUG'
2021-07-21 21:28:02.931  INFO 55661 --- [restartedMain] o.s.b.w.embedded.tomcat.TomcatWebServer  : Tomcat initialized with port(s): 8080 (http)
2021-07-21 21:28:02.938  INFO 55661 --- [restartedMain] o.apache.catalina.core.StandardService   : Starting service [Tomcat]
2021-07-21 21:28:02.938  INFO 55661 --- [restartedMain] org.apache.catalina.core.StandardEngine  : Starting Servlet engine: [Apache Tomcat/9.0.48]
2021-07-21 21:28:02.977  INFO 55661 --- [restartedMain] o.a.c.c.C.[Tomcat].[localhost].[/]       : Initializing Spring embedded WebApplicationContext
2021-07-21 21:28:02.977  INFO 55661 --- [restartedMain] w.s.c.ServletWebServerApplicationContext : Root WebApplicationContext: initialization completed in 1032 ms
2021-07-21 21:28:03.075  INFO 55661 --- [restartedMain] o.s.b.w.embedded.tomcat.TomcatWebServer  : Tomcat started on port(s): 8080 (http) with context path ''
2021-07-21 21:28:03.084  INFO 55661 --- [restartedMain] o.s.b.d.a.OptionalLiveReloadServer       : LiveReload server is running on port 35729
2021-07-21 21:28:03.130  INFO 55661 --- [restartedMain] com.prueba.crud.CrudApplication          : Started CrudApplication in 1.642 seconds (JVM running for 2.225)
2021-07-21 21:28:11.963  INFO 55661 --- [http-nio-8080-exec-1] o.a.c.c.C.[Tomcat].[localhost].[/]       : Initializing Spring DispatcherServlet 'dispatcherServlet'
2021-07-21 21:28:11.964  INFO 55661 --- [http-nio-8080-exec-1] o.s.web.servlet.DispatcherServlet        : Initializing Servlet 'dispatcherServlet'
2021-07-21 21:28:12.109  INFO 55661 --- [http-nio-8080-exec-1] o.s.web.servlet.DispatcherServlet        : Completed initialization in 145 ms
2021-07-21 21:28:12.196 ERROR 55661 --- [http-nio-8080-exec-1] c.p.c.controllers.operacionesController  : ocurrio un error al ejecutar la operacion 45.3y22.4ip :0:0:0:0:0:0:0:1
2021-07-21 21:50:15.195 ERROR 55661 --- [http-nio-8080-exec-5] o.a.c.c.C.[.[.[/].[dispatcherServlet]    : Servlet.service() for servlet [dispatcherServlet] in context with path [] threw exception [Request processing failed; nested exception is java.lang.RuntimeException: Operación no soportada para ser calculada: k] with root cause

java.lang.RuntimeException: Operación no soportada para ser calculada: k
	at com.prueba.crud.servicesimpl.calculadoraServiceImpl.calculadora(calculadoraServiceImpl.java:46) ~[classes/:na]
	at sun.reflect.NativeMethodAccessorImpl.invoke0(Native Method) ~[na:1.8.0_281]
	at sun.reflect.NativeMethodAccessorImpl.invoke(NativeMethodAccessorImpl.java:62) ~[na:1.8.0_281]
	at sun.reflect.DelegatingMethodAccessorImpl.invoke(DelegatingMethodAccessorImpl.java:43) ~[na:1.8.0_281]
	at java.lang.reflect.Method.invoke(Method.java:498) ~[na:1.8.0_281]
	at org.springframework.aop.support.AopUtils.invokeJoinpointUsingReflection(AopUtils.java:344) ~[spring-aop-5.3.8.jar:5.3.8]
	at org.springframework.aop.framework.JdkDynamicAopProxy.invoke(JdkDynamicAopProxy.java:208) ~[spring-aop-5.3.8.jar:5.3.8]
	at com.sun.proxy.$Proxy68.calculadora(Unknown Source) ~[na:na]
	at com.prueba.crud.controllers.operacionesController.postOpermuchos(operacionesController.java:112) ~[classes/:na]
	at sun.reflect.NativeMethodAccessorImpl.invoke0(Native Method) ~[na:1.8.0_281]
	at sun.reflect.NativeMethodAccessorImpl.invoke(NativeMethodAccessorImpl.java:62) ~[na:1.8.0_281]
	at sun.reflect.DelegatingMethodAccessorImpl.invoke(DelegatingMethodAccessorImpl.java:43) ~[na:1.8.0_281]
	at java.lang.reflect.Method.invoke(Method.java:498) ~[na:1.8.0_281]
	at org.springframework.web.method.support.InvocableHandlerMethod.doInvoke(InvocableHandlerMethod.java:197) ~[spring-web-5.3.8.jar:5.3.8]
	at org.springframework.web.method.support.InvocableHandlerMethod.invokeForRequest(InvocableHandlerMethod.java:141) ~[spring-web-5.3.8.jar:5.3.8]
	at org.springframework.web.servlet.mvc.method.annotation.ServletInvocableHandlerMethod.invokeAndHandle(ServletInvocableHandlerMethod.java:106) ~[spring-webmvc-5.3.8.jar:5.3.8]
	at org.springframework.web.servlet.mvc.method.annotation.RequestMappingHandlerAdapter.invokeHandlerMethod(RequestMappingHandlerAdapter.java:894) ~[spring-webmvc-5.3.8.jar:5.3.8]
	at org.springframework.web.servlet.mvc.method.annotation.RequestMappingHandlerAdapter.handleInternal(RequestMappingHandlerAdapter.java:808) ~[spring-webmvc-5.3.8.jar:5.3.8]
	at org.springframework.web.servlet.mvc.method.AbstractHandlerMethodAdapter.handle(AbstractHandlerMethodAdapter.java:87) ~[spring-webmvc-5.3.8.jar:5.3.8]
	at org.springframework.web.servlet.DispatcherServlet.doDispatch(DispatcherServlet.java:1063) ~[spring-webmvc-5.3.8.jar:5.3.8]
	at org.springframework.web.servlet.DispatcherServlet.doService(DispatcherServlet.java:963) ~[spring-webmvc-5.3.8.jar:5.3.8]
	at org.springframework.web.servlet.FrameworkServlet.processRequest(FrameworkServlet.java:1006) ~[spring-webmvc-5.3.8.jar:5.3.8]
	at org.springframework.web.servlet.FrameworkServlet.doPost(FrameworkServlet.java:909) ~[spring-webmvc-5.3.8.jar:5.3.8]
	at javax.servlet.http.HttpServlet.service(HttpServlet.java:681) ~[tomcat-embed-core-9.0.48.jar:4.0.FR]
	at org.springframework.web.servlet.FrameworkServlet.service(FrameworkServlet.java:883) ~[spring-webmvc-5.3.8.jar:5.3.8]
	at javax.servlet.http.HttpServlet.service(HttpServlet.java:764) ~[tomcat-embed-core-9.0.48.jar:4.0.FR]
	at org.apache.catalina.core.ApplicationFilterChain.internalDoFilter(ApplicationFilterChain.java:228) ~[tomcat-embed-core-9.0.48.jar:9.0.48]
	at org.apache.catalina.core.ApplicationFilterChain.doFilter(ApplicationFilterChain.java:163) ~[tomcat-embed-core-9.0.48.jar:9.0.48]
	at org.apache.tomcat.websocket.server.WsFilter.doFilter(WsFilter.java:53) ~[tomcat-embed-websocket-9.0.48.jar:9.0.48]
	at org.apache.catalina.core.ApplicationFilterChain.internalDoFilter(ApplicationFilterChain.java:190) ~[tomcat-embed-core-9.0.48.jar:9.0.48]
	at org.apache.catalina.core.ApplicationFilterChain.doFilter(ApplicationFilterChain.java:163) ~[tomcat-embed-core-9.0.48.jar:9.0.48]
	at org.springframework.web.filter.RequestContextFilter.doFilterInternal(RequestContextFilter.java:100) ~[spring-web-5.3.8.jar:5.3.8]
	at org.springframework.web.filter.OncePerRequestFilter.doFilter(OncePerRequestFilter.java:119) ~[spring-web-5.3.8.jar:5.3.8]
	at org.apache.catalina.core.ApplicationFilterChain.internalDoFilter(ApplicationFilterChain.java:190) ~[tomcat-embed-core-9.0.48.jar:9.0.48]
	at org.apache.catalina.core.ApplicationFilterChain.doFilter(ApplicationFilterChain.java:163) ~[tomcat-embed-core-9.0.48.jar:9.0.48]
	at org.springframework.web.filter.FormContentFilter.doFilterInternal(FormContentFilter.java:93) ~[spring-web-5.3.8.jar:5.3.8]
	at org.springframework.web.filter.OncePerRequestFilter.doFilter(OncePerRequestFilter.java:119) ~[spring-web-5.3.8.jar:5.3.8]
	at org.apache.catalina.core.ApplicationFilterChain.internalDoFilter(ApplicationFilterChain.java:190) ~[tomcat-embed-core-9.0.48.jar:9.0.48]
	at org.apache.catalina.core.ApplicationFilterChain.doFilter(ApplicationFilterChain.java:163) ~[tomcat-embed-core-9.0.48.jar:9.0.48]
	at org.springframework.web.filter.CharacterEncodingFilter.doFilterInternal(CharacterEncodingFilter.java:201) ~[spring-web-5.3.8.jar:5.3.8]
	at org.springframework.web.filter.OncePerRequestFilter.doFilter(OncePerRequestFilter.java:119) ~[spring-web-5.3.8.jar:5.3.8]
	at org.apache.catalina.core.ApplicationFilterChain.internalDoFilter(ApplicationFilterChain.java:190) ~[tomcat-embed-core-9.0.48.jar:9.0.48]
	at org.apache.catalina.core.ApplicationFilterChain.doFilter(ApplicationFilterChain.java:163) ~[tomcat-embed-core-9.0.48.jar:9.0.48]
	at org.apache.catalina.core.StandardWrapperValve.invoke(StandardWrapperValve.java:202) ~[tomcat-embed-core-9.0.48.jar:9.0.48]
	at org.apache.catalina.core.StandardContextValve.invoke(StandardContextValve.java:97) [tomcat-embed-core-9.0.48.jar:9.0.48]
	at org.apache.catalina.authenticator.AuthenticatorBase.invoke(AuthenticatorBase.java:542) [tomcat-embed-core-9.0.48.jar:9.0.48]
	at org.apache.catalina.core.StandardHostValve.invoke(StandardHostValve.java:143) [tomcat-embed-core-9.0.48.jar:9.0.48]
	at org.apache.catalina.valves.ErrorReportValve.invoke(ErrorReportValve.java:92) [tomcat-embed-core-9.0.48.jar:9.0.48]
	at org.apache.catalina.core.StandardEngineValve.invoke(StandardEngineValve.java:78) [tomcat-embed-core-9.0.48.jar:9.0.48]
	at org.apache.catalina.connector.CoyoteAdapter.service(CoyoteAdapter.java:357) [tomcat-embed-core-9.0.48.jar:9.0.48]
	at org.apache.coyote.http11.Http11Processor.service(Http11Processor.java:382) [tomcat-embed-core-9.0.48.jar:9.0.48]
	at org.apache.coyote.AbstractProcessorLight.process(AbstractProcessorLight.java:65) [tomcat-embed-core-9.0.48.jar:9.0.48]
	at org.apache.coyote.AbstractProtocol$ConnectionHandler.process(AbstractProtocol.java:893) [tomcat-embed-core-9.0.48.jar:9.0.48]
	at org.apache.tomcat.util.net.NioEndpoint$SocketProcessor.doRun(NioEndpoint.java:1723) [tomcat-embed-core-9.0.48.jar:9.0.48]
	at org.apache.tomcat.util.net.SocketProcessorBase.run(SocketProcessorBase.java:49) [tomcat-embed-core-9.0.48.jar:9.0.48]
	at java.util.concurrent.ThreadPoolExecutor.runWorker(ThreadPoolExecutor.java:1149) [na:1.8.0_281]
	at java.util.concurrent.ThreadPoolExecutor$Worker.run(ThreadPoolExecutor.java:624) [na:1.8.0_281]
	at org.apache.tomcat.util.threads.TaskThread$WrappingRunnable.run(TaskThread.java:61) [tomcat-embed-core-9.0.48.jar:9.0.48]
	at java.lang.Thread.run(Thread.java:748) [na:1.8.0_281]

2021-07-21 21:56:20.173  INFO 56443 --- [restartedMain] com.prueba.crud.CrudApplication          : Starting CrudApplication using Java 1.8.0_281 on andrespc with PID 56443 (/Users/andresdocente/claseBack/target/classes started by andresdocente in /Users/andresdocente/claseBack)
2021-07-21 21:56:20.176  INFO 56443 --- [restartedMain] com.prueba.crud.CrudApplication          : No active profile set, falling back to default profiles: default
2021-07-21 21:56:20.235  INFO 56443 --- [restartedMain] .e.DevToolsPropertyDefaultsPostProcessor : Devtools property defaults active! Set 'spring.devtools.add-properties' to 'false' to disable
2021-07-21 21:56:20.236  INFO 56443 --- [restartedMain] .e.DevToolsPropertyDefaultsPostProcessor : For additional web related logging consider setting the 'logging.level.web' property to 'DEBUG'
2021-07-21 21:56:21.199  INFO 56443 --- [restartedMain] o.s.b.w.embedded.tomcat.TomcatWebServer  : Tomcat initialized with port(s): 8080 (http)
2021-07-21 21:56:21.205  INFO 56443 --- [restartedMain] o.apache.catalina.core.StandardService   : Starting service [Tomcat]
2021-07-21 21:56:21.206  INFO 56443 --- [restartedMain] org.apache.catalina.core.StandardEngine  : Starting Servlet engine: [Apache Tomcat/9.0.48]
2021-07-21 21:56:21.252  INFO 56443 --- [restartedMain] o.a.c.c.C.[Tomcat].[localhost].[/]       : Initializing Spring embedded WebApplicationContext
2021-07-21 21:56:21.252  INFO 56443 --- [restartedMain] w.s.c.ServletWebServerApplicationContext : Root WebApplicationContext: initialization completed in 1015 ms
2021-07-21 21:56:21.355  INFO 56443 --- [restartedMain] o.s.b.w.embedded.tomcat.TomcatWebServer  : Tomcat started on port(s): 8080 (http) with context path ''
2021-07-21 21:56:21.362  INFO 56443 --- [restartedMain] o.s.b.d.a.OptionalLiveReloadServer       : LiveReload server is running on port 35729
2021-07-21 21:56:21.406  INFO 56443 --- [restartedMain] com.prueba.crud.CrudApplication          : Started CrudApplication in 1.636 seconds (JVM running for 2.185)
2021-07-21 21:56:27.655  INFO 56443 --- [http-nio-8080-exec-2] o.a.c.c.C.[Tomcat].[localhost].[/]       : Initializing Spring DispatcherServlet 'dispatcherServlet'
2021-07-21 21:56:27.656  INFO 56443 --- [http-nio-8080-exec-2] o.s.web.servlet.DispatcherServlet        : Initializing Servlet 'dispatcherServlet'
2021-07-21 21:56:27.818  INFO 56443 --- [http-nio-8080-exec-2] o.s.web.servlet.DispatcherServlet        : Completed initialization in 162 ms
2021-07-21 21:56:27.927 ERROR 56443 --- [http-nio-8080-exec-2] o.a.c.c.C.[.[.[/].[dispatcherServlet]    : Servlet.service() for servlet [dispatcherServlet] in context with path [] threw exception [Request processing failed; nested exception is java.lang.RuntimeException: Operación no soportada para ser calculada: k] with root cause

java.lang.RuntimeException: Operación no soportada para ser calculada: k
	at com.prueba.crud.servicesimpl.calculadoraServiceImpl.calculadora(calculadoraServiceImpl.java:48) ~[classes/:na]
	at sun.reflect.NativeMethodAccessorImpl.invoke0(Native Method) ~[na:1.8.0_281]
	at sun.reflect.NativeMethodAccessorImpl.invoke(NativeMethodAccessorImpl.java:62) ~[na:1.8.0_281]
	at sun.reflect.DelegatingMethodAccessorImpl.invoke(DelegatingMethodAccessorImpl.java:43) ~[na:1.8.0_281]
	at java.lang.reflect.Method.invoke(Method.java:498) ~[na:1.8.0_281]
	at org.springframework.aop.support.AopUtils.invokeJoinpointUsingReflection(AopUtils.java:344) ~[spring-aop-5.3.8.jar:5.3.8]
	at org.springframework.aop.framework.JdkDynamicAopProxy.invoke(JdkDynamicAopProxy.java:208) ~[spring-aop-5.3.8.jar:5.3.8]
	at com.sun.proxy.$Proxy71.calculadora(Unknown Source) ~[na:na]
	at com.prueba.crud.controllers.operacionesController.postOpermuchos(operacionesController.java:112) ~[classes/:na]
	at sun.reflect.NativeMethodAccessorImpl.invoke0(Native Method) ~[na:1.8.0_281]
	at sun.reflect.NativeMethodAccessorImpl.invoke(NativeMethodAccessorImpl.java:62) ~[na:1.8.0_281]
	at sun.reflect.DelegatingMethodAccessorImpl.invoke(DelegatingMethodAccessorImpl.java:43) ~[na:1.8.0_281]
	at java.lang.reflect.Method.invoke(Method.java:498) ~[na:1.8.0_281]
	at org.springframework.web.method.support.InvocableHandlerMethod.doInvoke(InvocableHandlerMethod.java:197) ~[spring-web-5.3.8.jar:5.3.8]
	at org.springframework.web.method.support.InvocableHandlerMethod.invokeForRequest(InvocableHandlerMethod.java:141) ~[spring-web-5.3.8.jar:5.3.8]
	at org.springframework.web.servlet.mvc.method.annotation.ServletInvocableHandlerMethod.invokeAndHandle(ServletInvocableHandlerMethod.java:106) ~[spring-webmvc-5.3.8.jar:5.3.8]
	at org.springframework.web.servlet.mvc.method.annotation.RequestMappingHandlerAdapter.invokeHandlerMethod(RequestMappingHandlerAdapter.java:894) ~[spring-webmvc-5.3.8.jar:5.3.8]
	at org.springframework.web.servlet.mvc.method.annotation.RequestMappingHandlerAdapter.handleInternal(RequestMappingHandlerAdapter.java:808) ~[spring-webmvc-5.3.8.jar:5.3.8]
	at org.springframework.web.servlet.mvc.method.AbstractHandlerMethodAdapter.handle(AbstractHandlerMethodAdapter.java:87) ~[spring-webmvc-5.3.8.jar:5.3.8]
	at org.springframework.web.servlet.DispatcherServlet.doDispatch(DispatcherServlet.java:1063) ~[spring-webmvc-5.3.8.jar:5.3.8]
	at org.springframework.web.servlet.DispatcherServlet.doService(DispatcherServlet.java:963) ~[spring-webmvc-5.3.8.jar:5.3.8]
	at org.springframework.web.servlet.FrameworkServlet.processRequest(FrameworkServlet.java:1006) ~[spring-webmvc-5.3.8.jar:5.3.8]
	at org.springframework.web.servlet.FrameworkServlet.doPost(FrameworkServlet.java:909) ~[spring-webmvc-5.3.8.jar:5.3.8]
	at javax.servlet.http.HttpServlet.service(HttpServlet.java:681) ~[tomcat-embed-core-9.0.48.jar:4.0.FR]
	at org.springframework.web.servlet.FrameworkServlet.service(FrameworkServlet.java:883) ~[spring-webmvc-5.3.8.jar:5.3.8]
	at javax.servlet.http.HttpServlet.service(HttpServlet.java:764) ~[tomcat-embed-core-9.0.48.jar:4.0.FR]
	at org.apache.catalina.core.ApplicationFilterChain.internalDoFilter(ApplicationFilterChain.java:228) ~[tomcat-embed-core-9.0.48.jar:9.0.48]
	at org.apache.catalina.core.ApplicationFilterChain.doFilter(ApplicationFilterChain.java:163) ~[tomcat-embed-core-9.0.48.jar:9.0.48]
	at org.apache.tomcat.websocket.server.WsFilter.doFilter(WsFilter.java:53) ~[tomcat-embed-websocket-9.0.48.jar:9.0.48]
	at org.apache.catalina.core.ApplicationFilterChain.internalDoFilter(ApplicationFilterChain.java:190) ~[tomcat-embed-core-9.0.48.jar:9.0.48]
	at org.apache.catalina.core.ApplicationFilterChain.doFilter(ApplicationFilterChain.java:163) ~[tomcat-embed-core-9.0.48.jar:9.0.48]
	at org.springframework.web.filter.RequestContextFilter.doFilterInternal(RequestContextFilter.java:100) ~[spring-web-5.3.8.jar:5.3.8]
	at org.springframework.web.filter.OncePerRequestFilter.doFilter(OncePerRequestFilter.java:119) ~[spring-web-5.3.8.jar:5.3.8]
	at org.apache.catalina.core.ApplicationFilterChain.internalDoFilter(ApplicationFilterChain.java:190) ~[tomcat-embed-core-9.0.48.jar:9.0.48]
	at org.apache.catalina.core.ApplicationFilterChain.doFilter(ApplicationFilterChain.java:163) ~[tomcat-embed-core-9.0.48.jar:9.0.48]
	at org.springframework.web.filter.FormContentFilter.doFilterInternal(FormContentFilter.java:93) ~[spring-web-5.3.8.jar:5.3.8]
	at org.springframework.web.filter.OncePerRequestFilter.doFilter(OncePerRequestFilter.java:119) ~[spring-web-5.3.8.jar:5.3.8]
	at org.apache.catalina.core.ApplicationFilterChain.internalDoFilter(ApplicationFilterChain.java:190) ~[tomcat-embed-core-9.0.48.jar:9.0.48]
	at org.apache.catalina.core.ApplicationFilterChain.doFilter(ApplicationFilterChain.java:163) ~[tomcat-embed-core-9.0.48.jar:9.0.48]
	at org.springframework.web.filter.CharacterEncodingFilter.doFilterInternal(CharacterEncodingFilter.java:201) ~[spring-web-5.3.8.jar:5.3.8]
	at org.springframework.web.filter.OncePerRequestFilter.doFilter(OncePerRequestFilter.java:119) ~[spring-web-5.3.8.jar:5.3.8]
	at org.apache.catalina.core.ApplicationFilterChain.internalDoFilter(ApplicationFilterChain.java:190) ~[tomcat-embed-core-9.0.48.jar:9.0.48]
	at org.apache.catalina.core.ApplicationFilterChain.doFilter(ApplicationFilterChain.java:163) ~[tomcat-embed-core-9.0.48.jar:9.0.48]
	at org.apache.catalina.core.StandardWrapperValve.invoke(StandardWrapperValve.java:202) ~[tomcat-embed-core-9.0.48.jar:9.0.48]
	at org.apache.catalina.core.StandardContextValve.invoke(StandardContextValve.java:97) [tomcat-embed-core-9.0.48.jar:9.0.48]
	at org.apache.catalina.authenticator.AuthenticatorBase.invoke(AuthenticatorBase.java:542) [tomcat-embed-core-9.0.48.jar:9.0.48]
	at org.apache.catalina.core.StandardHostValve.invoke(StandardHostValve.java:143) [tomcat-embed-core-9.0.48.jar:9.0.48]
	at org.apache.catalina.valves.ErrorReportValve.invoke(ErrorReportValve.java:92) [tomcat-embed-core-9.0.48.jar:9.0.48]
	at org.apache.catalina.core.StandardEngineValve.invoke(StandardEngineValve.java:78) [tomcat-embed-core-9.0.48.jar:9.0.48]
	at org.apache.catalina.connector.CoyoteAdapter.service(CoyoteAdapter.java:357) [tomcat-embed-core-9.0.48.jar:9.0.48]
	at org.apache.coyote.http11.Http11Processor.service(Http11Processor.java:382) [tomcat-embed-core-9.0.48.jar:9.0.48]
	at org.apache.coyote.AbstractProcessorLight.process(AbstractProcessorLight.java:65) [tomcat-embed-core-9.0.48.jar:9.0.48]
	at org.apache.coyote.AbstractProtocol$ConnectionHandler.process(AbstractProtocol.java:893) [tomcat-embed-core-9.0.48.jar:9.0.48]
	at org.apache.tomcat.util.net.NioEndpoint$SocketProcessor.doRun(NioEndpoint.java:1723) [tomcat-embed-core-9.0.48.jar:9.0.48]
	at org.apache.tomcat.util.net.SocketProcessorBase.run(SocketProcessorBase.java:49) [tomcat-embed-core-9.0.48.jar:9.0.48]
	at java.util.concurrent.ThreadPoolExecutor.runWorker(ThreadPoolExecutor.java:1149) [na:1.8.0_281]
	at java.util.concurrent.ThreadPoolExecutor$Worker.run(ThreadPoolExecutor.java:624) [na:1.8.0_281]
	at org.apache.tomcat.util.threads.TaskThread$WrappingRunnable.run(TaskThread.java:61) [tomcat-embed-core-9.0.48.jar:9.0.48]
	at java.lang.Thread.run(Thread.java:748) [na:1.8.0_281]

2021-07-21 21:57:05.084  INFO 56469 --- [restartedMain] com.prueba.crud.CrudApplication          : Starting CrudApplication using Java 1.8.0_281 on andrespc with PID 56469 (/Users/andresdocente/claseBack/target/classes started by andresdocente in /Users/andresdocente/claseBack)
2021-07-21 21:57:05.087  INFO 56469 --- [restartedMain] com.prueba.crud.CrudApplication          : No active profile set, falling back to default profiles: default
2021-07-21 21:57:05.132  INFO 56469 --- [restartedMain] .e.DevToolsPropertyDefaultsPostProcessor : Devtools property defaults active! Set 'spring.devtools.add-properties' to 'false' to disable
2021-07-21 21:57:05.132  INFO 56469 --- [restartedMain] .e.DevToolsPropertyDefaultsPostProcessor : For additional web related logging consider setting the 'logging.level.web' property to 'DEBUG'
2021-07-21 21:57:06.163  INFO 56469 --- [restartedMain] o.s.b.w.embedded.tomcat.TomcatWebServer  : Tomcat initialized with port(s): 8080 (http)
2021-07-21 21:57:06.169  INFO 56469 --- [restartedMain] o.apache.catalina.core.StandardService   : Starting service [Tomcat]
2021-07-21 21:57:06.170  INFO 56469 --- [restartedMain] org.apache.catalina.core.StandardEngine  : Starting Servlet engine: [Apache Tomcat/9.0.48]
2021-07-21 21:57:06.213  INFO 56469 --- [restartedMain] o.a.c.c.C.[Tomcat].[localhost].[/]       : Initializing Spring embedded WebApplicationContext
2021-07-21 21:57:06.213  INFO 56469 --- [restartedMain] w.s.c.ServletWebServerApplicationContext : Root WebApplicationContext: initialization completed in 1080 ms
2021-07-21 21:57:06.318  INFO 56469 --- [restartedMain] o.s.b.w.embedded.tomcat.TomcatWebServer  : Tomcat started on port(s): 8080 (http) with context path ''
2021-07-21 21:57:06.326  INFO 56469 --- [restartedMain] o.s.b.d.a.OptionalLiveReloadServer       : LiveReload server is running on port 35729
2021-07-21 21:57:06.369  INFO 56469 --- [restartedMain] com.prueba.crud.CrudApplication          : Started CrudApplication in 1.632 seconds (JVM running for 2.202)
2021-07-21 21:57:20.081  INFO 56469 --- [http-nio-8080-exec-1] o.a.c.c.C.[Tomcat].[localhost].[/]       : Initializing Spring DispatcherServlet 'dispatcherServlet'
2021-07-21 21:57:20.081  INFO 56469 --- [http-nio-8080-exec-1] o.s.web.servlet.DispatcherServlet        : Initializing Servlet 'dispatcherServlet'
2021-07-21 21:57:20.227  INFO 56469 --- [http-nio-8080-exec-1] o.s.web.servlet.DispatcherServlet        : Completed initialization in 146 ms
2021-07-21 21:57:20.353  WARN 56469 --- [http-nio-8080-exec-1] .m.m.a.ExceptionHandlerExceptionResolver : Resolved [com.prueba.crud.exception.CustomNotFoundException: Operación imposible de procesar: k]
2021-07-21 22:30:26.912  INFO 57819 --- [restartedMain] com.prueba.crud.CrudApplication          : Starting CrudApplication using Java 1.8.0_281 on andrespc with PID 57819 (/Users/andresdocente/claseBack/target/classes started by andresdocente in /Users/andresdocente/claseBack)
2021-07-21 22:30:26.915  INFO 57819 --- [restartedMain] com.prueba.crud.CrudApplication          : No active profile set, falling back to default profiles: default
2021-07-21 22:30:26.978  INFO 57819 --- [restartedMain] .e.DevToolsPropertyDefaultsPostProcessor : Devtools property defaults active! Set 'spring.devtools.add-properties' to 'false' to disable
2021-07-21 22:30:26.979  INFO 57819 --- [restartedMain] .e.DevToolsPropertyDefaultsPostProcessor : For additional web related logging consider setting the 'logging.level.web' property to 'DEBUG'
2021-07-21 22:30:27.776  INFO 57819 --- [restartedMain] o.s.b.w.embedded.tomcat.TomcatWebServer  : Tomcat initialized with port(s): 8080 (http)
2021-07-21 22:30:27.781  INFO 57819 --- [restartedMain] o.apache.catalina.core.StandardService   : Starting service [Tomcat]
2021-07-21 22:30:27.781  INFO 57819 --- [restartedMain] org.apache.catalina.core.StandardEngine  : Starting Servlet engine: [Apache Tomcat/9.0.48]
2021-07-21 22:30:27.817  INFO 57819 --- [restartedMain] o.a.c.c.C.[Tomcat].[localhost].[/]       : Initializing Spring embedded WebApplicationContext
2021-07-21 22:30:27.818  INFO 57819 --- [restartedMain] w.s.c.ServletWebServerApplicationContext : Root WebApplicationContext: initialization completed in 838 ms
2021-07-21 22:30:27.903  INFO 57819 --- [restartedMain] o.s.b.w.embedded.tomcat.TomcatWebServer  : Tomcat started on port(s): 8080 (http) with context path ''
2021-07-21 22:30:27.909  INFO 57819 --- [restartedMain] o.s.b.d.a.OptionalLiveReloadServer       : LiveReload server is running on port 35729
2021-07-21 22:30:27.942  INFO 57819 --- [restartedMain] com.prueba.crud.CrudApplication          : Started CrudApplication in 1.935 seconds (JVM running for 3.54)
2021-07-21 22:34:27.667  INFO 57928 --- [restartedMain] com.prueba.crud.CrudApplication          : Starting CrudApplication using Java 1.8.0_281 on andrespc with PID 57928 (/Users/andresdocente/claseBack/target/classes started by andresdocente in /Users/andresdocente/claseBack)
2021-07-21 22:34:27.670  INFO 57928 --- [restartedMain] com.prueba.crud.CrudApplication          : No active profile set, falling back to default profiles: default
2021-07-21 22:34:27.719  INFO 57928 --- [restartedMain] .e.DevToolsPropertyDefaultsPostProcessor : Devtools property defaults active! Set 'spring.devtools.add-properties' to 'false' to disable
2021-07-21 22:34:27.720  INFO 57928 --- [restartedMain] .e.DevToolsPropertyDefaultsPostProcessor : For additional web related logging consider setting the 'logging.level.web' property to 'DEBUG'
2021-07-21 22:34:28.562  INFO 57928 --- [restartedMain] o.s.b.w.embedded.tomcat.TomcatWebServer  : Tomcat initialized with port(s): 8080 (http)
2021-07-21 22:34:28.567  INFO 57928 --- [restartedMain] o.apache.catalina.core.StandardService   : Starting service [Tomcat]
2021-07-21 22:34:28.567  INFO 57928 --- [restartedMain] org.apache.catalina.core.StandardEngine  : Starting Servlet engine: [Apache Tomcat/9.0.48]
2021-07-21 22:34:28.611  INFO 57928 --- [restartedMain] o.a.c.c.C.[Tomcat].[localhost].[/]       : Initializing Spring embedded WebApplicationContext
2021-07-21 22:34:28.612  INFO 57928 --- [restartedMain] w.s.c.ServletWebServerApplicationContext : Root WebApplicationContext: initialization completed in 892 ms
2021-07-21 22:34:28.700  INFO 57928 --- [restartedMain] o.s.b.w.embedded.tomcat.TomcatWebServer  : Tomcat started on port(s): 8080 (http) with context path ''
2021-07-21 22:34:28.706  INFO 57928 --- [restartedMain] o.s.b.d.a.OptionalLiveReloadServer       : LiveReload server is running on port 35729
2021-07-21 22:34:28.741  INFO 57928 --- [restartedMain] com.prueba.crud.CrudApplication          : Started CrudApplication in 1.444 seconds (JVM running for 1.986)
2021-07-21 22:34:49.533  INFO 57928 --- [http-nio-8080-exec-2] o.a.c.c.C.[Tomcat].[localhost].[/]       : Initializing Spring DispatcherServlet 'dispatcherServlet'
2021-07-21 22:34:49.534  INFO 57928 --- [http-nio-8080-exec-2] o.s.web.servlet.DispatcherServlet        : Initializing Servlet 'dispatcherServlet'
2021-07-21 22:34:49.657  INFO 57928 --- [http-nio-8080-exec-2] o.s.web.servlet.DispatcherServlet        : Completed initialization in 123 ms
2021-07-21 22:34:49.725  INFO 57928 --- [http-nio-8080-exec-2] c.p.crud.servicesimpl.emailServiceImpl   : EmailBody: EmailBody [email=andrescastellanosdocente@gmail.com, content=email de prueba sdfsdfsd sdfsdfsdf, subject=asunto mail prueba]
2021-07-21 22:34:52.253  INFO 57928 --- [http-nio-8080-exec-2] c.p.crud.servicesimpl.emailServiceImpl   : Mail enviado!
